<?xml version="1.0" encoding="UTF-8"?>
<!-- Generated by org.testng.reporters.JUnitReportReporter -->
<testsuite skipped="0" hostname="DESKTOP-3ULC79B" name="RestfulApiTestingPractise.PostRequestUsingExcelData" tests="3" failures="0" timestamp="2022-12-07T22:15:52 EST" time="2.959" errors="0">
  <testcase name="test_post_1" time="1.990" classname="RestfulApiTestingPractise.PostRequestUsingExcelData"/>
  <system-out/>
  <testcase name="test_post_1" time="0.504" classname="RestfulApiTestingPractise.PostRequestUsingExcelData"/>
  <system-out/>
  <testcase name="test_post_1" time="0.465" classname="RestfulApiTestingPractise.PostRequestUsingExcelData"/>
  <system-out/>
</testsuite> <!-- RestfulApiTestingPractise.PostRequestUsingExcelData -->
