<?xml version="1.0" encoding="UTF-8"?>
<!-- Generated by org.testng.reporters.JUnitReportReporter -->
<testsuite skipped="0" hostname="DESKTOP-3ULC79B" name="RestfulApiTestingPractise.GetRequest" tests="2" failures="0" timestamp="2022-12-07T22:00:05 EST" time="2.338" errors="0">
  <testcase name="getSpecificUser" time="1.498" classname="RestfulApiTestingPractise.GetRequest"/>
  <system-out/>
  <testcase name="getAllUsers" time="0.840" classname="RestfulApiTestingPractise.GetRequest"/>
  <system-out/>
</testsuite> <!-- RestfulApiTestingPractise.GetRequest -->
