<?xml version="1.0" encoding="UTF-8"?>
<!-- Generated by org.testng.reporters.JUnitReportReporter -->
<testsuite skipped="0" hostname="DESKTOP-3ULC79B" name="RestfulApiTestingPractise.PostRequestUsingExcelData" tests="3" failures="0" timestamp="2022-12-06T23:14:22 EST" time="2.578" errors="0">
  <testcase name="test_post_1" time="1.891" classname="RestfulApiTestingPractise.PostRequestUsingExcelData"/>
  <system-out/>
  <testcase name="test_post_1" time="0.311" classname="RestfulApiTestingPractise.PostRequestUsingExcelData"/>
  <system-out/>
  <testcase name="test_post_1" time="0.376" classname="RestfulApiTestingPractise.PostRequestUsingExcelData"/>
  <system-out/>
</testsuite> <!-- RestfulApiTestingPractise.PostRequestUsingExcelData -->
