<?xml version="1.0" encoding="UTF-8"?>
<!-- Generated by org.testng.reporters.JUnitReportReporter -->
<testsuite skipped="0" hostname="DESKTOP-3ULC79B" name="RestfulApiTestingPractise.GetRequest" tests="2" failures="0" timestamp="2022-12-06T21:39:45 EST" time="2.368" errors="0">
  <testcase name="getSpecificUser" time="1.468" classname="RestfulApiTestingPractise.GetRequest"/>
  <system-out/>
  <testcase name="getAllUsers" time="0.900" classname="RestfulApiTestingPractise.GetRequest"/>
  <system-out/>
</testsuite> <!-- RestfulApiTestingPractise.GetRequest -->
