<?xml version="1.0" encoding="UTF-8"?>
<!-- Generated by org.testng.reporters.JUnitReportReporter -->
<testsuite skipped="0" hostname="DESKTOP-3ULC79B" name="RestfulApiTestingPractise.PostRequest" tests="1" failures="0" timestamp="2022-12-07T22:00:05 EST" time="0.485" errors="0">
  <testcase name="test_post_1" time="0.485" classname="RestfulApiTestingPractise.PostRequest"/>
  <system-out/>
</testsuite> <!-- RestfulApiTestingPractise.PostRequest -->
